<?xml version="1.0" encoding="UTF-8" ?>
<testsuite errors="0" failures="0" hostname="daniel-ubuntu" name="com.agical.bumblebee.uml.TestAll" tests="5" time="4.157" timestamp="2009-05-21T20:09:51">
  <properties>
[...]
</properties>
  <testcase classname="com.agical.bumblebee.uml.TestUmlspeedBuilder" name="generateClassDefinition" time="0.409" />
  <testcase classname="com.agical.bumblebee.uml.TestUmlspeedBuilder" name="generateClassDiagram" time="0.0020" />
  <testcase classname="com.agical.bumblebee.uml.TestUmlspeedBuilder" name="generateDiagramForAllClassesUsedInAMethod" time="0.041" />
  <testcase classname="com.agical.bumblebee.uml.TestUmlspeedBuilder" name="writeClassDiagramFile" time="0.032" />
  <testcase classname="com.agical.bumblebee.uml.UmlSpeedAndBatik" name="testUmlspeedAndBatikGeneration" time="3.274" />
  <system-out><![CDATA[About to transcoder source of type: org.apache.batik.apps.rasterizer.SVGConverterFileSource
]]></system-out>
  <system-err><![CDATA[]]></system-err>
</testsuite>
